ERROR - 2025-06-08 13:24:33 --> Error connecting to the database: mysqli_sql_exception: Unknown database 'ciwebwidertest4' in D:\xampp\htdocs\codeigniter4\system\Database\MySQLi\Connection.php:201
Stack trace:
#0 D:\xampp\htdocs\codeigniter4\system\Database\MySQLi\Connection.php(201): mysqli->real_connect('localhost', 'root', Object(SensitiveParameterValue), 'ciwebwidertest4', 3306, '', 0)
#1 D:\xampp\htdocs\codeigniter4\system\Database\BaseConnection.php(421): CodeIgniter\Database\MySQLi\Connection->connect(false)
#2 D:\xampp\htdocs\codeigniter4\system\Database\BaseConnection.php(620): CodeIgniter\Database\BaseConnection->initialize()
#3 D:\xampp\htdocs\codeigniter4\system\Database\BaseBuilder.php(1649): CodeIgniter\Database\BaseConnection->query('SELECT `ciposts...', Array, false)
#4 D:\xampp\htdocs\codeigniter4\system\Model.php(286): CodeIgniter\Database\BaseBuilder->get()
#5 D:\xampp\htdocs\codeigniter4\system\BaseModel.php(679): CodeIgniter\Model->doFindAll(10, 0)
#6 D:\xampp\htdocs\codeigniter4\app\Models\PostModel.php(25): CodeIgniter\BaseModel->findAll(10, 0)
#7 D:\xampp\htdocs\codeigniter4\app\Controllers\PostController.php(22): App\Models\PostModel->getActivePostsWithUser(10, 0)
#8 D:\xampp\htdocs\codeigniter4\system\CodeIgniter.php(933): App\Controllers\PostController->loadMore()
#9 D:\xampp\htdocs\codeigniter4\system\CodeIgniter.php(507): CodeIgniter\CodeIgniter->runController(Object(App\Controllers\PostController))
#10 D:\xampp\htdocs\codeigniter4\system\CodeIgniter.php(354): CodeIgniter\CodeIgniter->handleRequest(NULL, Object(Config\Cache), false)
#11 D:\xampp\htdocs\codeigniter4\system\Boot.php(334): CodeIgniter\CodeIgniter->run()
#12 D:\xampp\htdocs\codeigniter4\system\Boot.php(67): CodeIgniter\Boot::runCodeIgniter(Object(CodeIgniter\CodeIgniter))
#13 D:\xampp\htdocs\codeigniter4\index.php(59): CodeIgniter\Boot::bootWeb(Object(Config\Paths))
#14 {main}

Next CodeIgniter\Database\Exceptions\DatabaseException: Unknown database 'ciwebwidertest4' in D:\xampp\htdocs\codeigniter4\system\Database\MySQLi\Connection.php:246
Stack trace:
#0 D:\xampp\htdocs\codeigniter4\system\Database\BaseConnection.php(421): CodeIgniter\Database\MySQLi\Connection->connect(false)
#1 D:\xampp\htdocs\codeigniter4\system\Database\BaseConnection.php(620): CodeIgniter\Database\BaseConnection->initialize()
#2 D:\xampp\htdocs\codeigniter4\system\Database\BaseBuilder.php(1649): CodeIgniter\Database\BaseConnection->query('SELECT `ciposts...', Array, false)
#3 D:\xampp\htdocs\codeigniter4\system\Model.php(286): CodeIgniter\Database\BaseBuilder->get()
#4 D:\xampp\htdocs\codeigniter4\system\BaseModel.php(679): CodeIgniter\Model->doFindAll(10, 0)
#5 D:\xampp\htdocs\codeigniter4\app\Models\PostModel.php(25): CodeIgniter\BaseModel->findAll(10, 0)
#6 D:\xampp\htdocs\codeigniter4\app\Controllers\PostController.php(22): App\Models\PostModel->getActivePostsWithUser(10, 0)
#7 D:\xampp\htdocs\codeigniter4\system\CodeIgniter.php(933): App\Controllers\PostController->loadMore()
#8 D:\xampp\htdocs\codeigniter4\system\CodeIgniter.php(507): CodeIgniter\CodeIgniter->runController(Object(App\Controllers\PostController))
#9 D:\xampp\htdocs\codeigniter4\system\CodeIgniter.php(354): CodeIgniter\CodeIgniter->handleRequest(NULL, Object(Config\Cache), false)
#10 D:\xampp\htdocs\codeigniter4\system\Boot.php(334): CodeIgniter\CodeIgniter->run()
#11 D:\xampp\htdocs\codeigniter4\system\Boot.php(67): CodeIgniter\Boot::runCodeIgniter(Object(CodeIgniter\CodeIgniter))
#12 D:\xampp\htdocs\codeigniter4\index.php(59): CodeIgniter\Boot::bootWeb(Object(Config\Paths))
#13 {main}
CRITICAL - 2025-06-08 13:24:33 --> CodeIgniter\Database\Exceptions\DatabaseException: Unable to connect to the database.
Main connection [MySQLi]: Unknown database 'ciwebwidertest4'
[Method: GET, Route: Posts/loadMore]
in SYSTEMPATH\Database\BaseConnection.php on line 467.
 1 SYSTEMPATH\Database\BaseConnection.php(620): CodeIgniter\Database\BaseConnection->initialize()
 2 SYSTEMPATH\Database\BaseBuilder.php(1649): CodeIgniter\Database\BaseConnection->query('SELECT `ciposts`.`name`, `ciposts`.`description`, `ciusers`.`name` as `user_name`
FROM `ciposts`
JOIN `ciusers` ON `ciusers`.`id` = `ciposts`.`user_id`
WHERE `ciposts`.`active` = :posts.active:
ORDER BY `ciposts`.`id` DESC
 LIMIT 10', [...], false)
 3 SYSTEMPATH\Model.php(286): CodeIgniter\Database\BaseBuilder->get()
 4 SYSTEMPATH\BaseModel.php(679): CodeIgniter\Model->doFindAll(10, 0)
 5 APPPATH\Models\PostModel.php(25): CodeIgniter\BaseModel->findAll(10, 0)
 6 APPPATH\Controllers\PostController.php(22): App\Models\PostModel->getActivePostsWithUser(10, 0)
 7 SYSTEMPATH\CodeIgniter.php(933): App\Controllers\PostController->loadMore()
 8 SYSTEMPATH\CodeIgniter.php(507): CodeIgniter\CodeIgniter->runController(Object(App\Controllers\PostController))
 9 SYSTEMPATH\CodeIgniter.php(354): CodeIgniter\CodeIgniter->handleRequest(null, Object(Config\Cache), false)
10 SYSTEMPATH\Boot.php(334): CodeIgniter\CodeIgniter->run()
11 SYSTEMPATH\Boot.php(67): CodeIgniter\Boot::runCodeIgniter(Object(CodeIgniter\CodeIgniter))
12 FCPATH\index.php(59): CodeIgniter\Boot::bootWeb(Object(Config\Paths))
ERROR - 2025-06-08 13:24:34 --> Error connecting to the database: mysqli_sql_exception: Unknown database 'ciwebwidertest4' in D:\xampp\htdocs\codeigniter4\system\Database\MySQLi\Connection.php:201
Stack trace:
#0 D:\xampp\htdocs\codeigniter4\system\Database\MySQLi\Connection.php(201): mysqli->real_connect('localhost', 'root', Object(SensitiveParameterValue), 'ciwebwidertest4', 3306, '', 0)
#1 D:\xampp\htdocs\codeigniter4\system\Database\BaseConnection.php(421): CodeIgniter\Database\MySQLi\Connection->connect(false)
#2 D:\xampp\htdocs\codeigniter4\system\Database\BaseConnection.php(620): CodeIgniter\Database\BaseConnection->initialize()
#3 D:\xampp\htdocs\codeigniter4\system\Database\BaseBuilder.php(1649): CodeIgniter\Database\BaseConnection->query('SELECT `ciposts...', Array, false)
#4 D:\xampp\htdocs\codeigniter4\system\Model.php(286): CodeIgniter\Database\BaseBuilder->get()
#5 D:\xampp\htdocs\codeigniter4\system\BaseModel.php(679): CodeIgniter\Model->doFindAll(10, 0)
#6 D:\xampp\htdocs\codeigniter4\app\Models\PostModel.php(25): CodeIgniter\BaseModel->findAll(10, 0)
#7 D:\xampp\htdocs\codeigniter4\app\Controllers\PostController.php(22): App\Models\PostModel->getActivePostsWithUser(10, 0)
#8 D:\xampp\htdocs\codeigniter4\system\CodeIgniter.php(933): App\Controllers\PostController->loadMore()
#9 D:\xampp\htdocs\codeigniter4\system\CodeIgniter.php(507): CodeIgniter\CodeIgniter->runController(Object(App\Controllers\PostController))
#10 D:\xampp\htdocs\codeigniter4\system\CodeIgniter.php(354): CodeIgniter\CodeIgniter->handleRequest(NULL, Object(Config\Cache), false)
#11 D:\xampp\htdocs\codeigniter4\system\Boot.php(334): CodeIgniter\CodeIgniter->run()
#12 D:\xampp\htdocs\codeigniter4\system\Boot.php(67): CodeIgniter\Boot::runCodeIgniter(Object(CodeIgniter\CodeIgniter))
#13 D:\xampp\htdocs\codeigniter4\index.php(59): CodeIgniter\Boot::bootWeb(Object(Config\Paths))
#14 {main}

Next CodeIgniter\Database\Exceptions\DatabaseException: Unknown database 'ciwebwidertest4' in D:\xampp\htdocs\codeigniter4\system\Database\MySQLi\Connection.php:246
Stack trace:
#0 D:\xampp\htdocs\codeigniter4\system\Database\BaseConnection.php(421): CodeIgniter\Database\MySQLi\Connection->connect(false)
#1 D:\xampp\htdocs\codeigniter4\system\Database\BaseConnection.php(620): CodeIgniter\Database\BaseConnection->initialize()
#2 D:\xampp\htdocs\codeigniter4\system\Database\BaseBuilder.php(1649): CodeIgniter\Database\BaseConnection->query('SELECT `ciposts...', Array, false)
#3 D:\xampp\htdocs\codeigniter4\system\Model.php(286): CodeIgniter\Database\BaseBuilder->get()
#4 D:\xampp\htdocs\codeigniter4\system\BaseModel.php(679): CodeIgniter\Model->doFindAll(10, 0)
#5 D:\xampp\htdocs\codeigniter4\app\Models\PostModel.php(25): CodeIgniter\BaseModel->findAll(10, 0)
#6 D:\xampp\htdocs\codeigniter4\app\Controllers\PostController.php(22): App\Models\PostModel->getActivePostsWithUser(10, 0)
#7 D:\xampp\htdocs\codeigniter4\system\CodeIgniter.php(933): App\Controllers\PostController->loadMore()
#8 D:\xampp\htdocs\codeigniter4\system\CodeIgniter.php(507): CodeIgniter\CodeIgniter->runController(Object(App\Controllers\PostController))
#9 D:\xampp\htdocs\codeigniter4\system\CodeIgniter.php(354): CodeIgniter\CodeIgniter->handleRequest(NULL, Object(Config\Cache), false)
#10 D:\xampp\htdocs\codeigniter4\system\Boot.php(334): CodeIgniter\CodeIgniter->run()
#11 D:\xampp\htdocs\codeigniter4\system\Boot.php(67): CodeIgniter\Boot::runCodeIgniter(Object(CodeIgniter\CodeIgniter))
#12 D:\xampp\htdocs\codeigniter4\index.php(59): CodeIgniter\Boot::bootWeb(Object(Config\Paths))
#13 {main}
CRITICAL - 2025-06-08 13:24:34 --> CodeIgniter\Database\Exceptions\DatabaseException: Unable to connect to the database.
Main connection [MySQLi]: Unknown database 'ciwebwidertest4'
[Method: GET, Route: Posts/loadMore]
in SYSTEMPATH\Database\BaseConnection.php on line 467.
 1 SYSTEMPATH\Database\BaseConnection.php(620): CodeIgniter\Database\BaseConnection->initialize()
 2 SYSTEMPATH\Database\BaseBuilder.php(1649): CodeIgniter\Database\BaseConnection->query('SELECT `ciposts`.`name`, `ciposts`.`description`, `ciusers`.`name` as `user_name`
FROM `ciposts`
JOIN `ciusers` ON `ciusers`.`id` = `ciposts`.`user_id`
WHERE `ciposts`.`active` = :posts.active:
ORDER BY `ciposts`.`id` DESC
 LIMIT 10', [...], false)
 3 SYSTEMPATH\Model.php(286): CodeIgniter\Database\BaseBuilder->get()
 4 SYSTEMPATH\BaseModel.php(679): CodeIgniter\Model->doFindAll(10, 0)
 5 APPPATH\Models\PostModel.php(25): CodeIgniter\BaseModel->findAll(10, 0)
 6 APPPATH\Controllers\PostController.php(22): App\Models\PostModel->getActivePostsWithUser(10, 0)
 7 SYSTEMPATH\CodeIgniter.php(933): App\Controllers\PostController->loadMore()
 8 SYSTEMPATH\CodeIgniter.php(507): CodeIgniter\CodeIgniter->runController(Object(App\Controllers\PostController))
 9 SYSTEMPATH\CodeIgniter.php(354): CodeIgniter\CodeIgniter->handleRequest(null, Object(Config\Cache), false)
10 SYSTEMPATH\Boot.php(334): CodeIgniter\CodeIgniter->run()
11 SYSTEMPATH\Boot.php(67): CodeIgniter\Boot::runCodeIgniter(Object(CodeIgniter\CodeIgniter))
12 FCPATH\index.php(59): CodeIgniter\Boot::bootWeb(Object(Config\Paths))
ERROR - 2025-06-08 13:24:35 --> Error connecting to the database: mysqli_sql_exception: Unknown database 'ciwebwidertest4' in D:\xampp\htdocs\codeigniter4\system\Database\MySQLi\Connection.php:201
Stack trace:
#0 D:\xampp\htdocs\codeigniter4\system\Database\MySQLi\Connection.php(201): mysqli->real_connect('localhost', 'root', Object(SensitiveParameterValue), 'ciwebwidertest4', 3306, '', 0)
#1 D:\xampp\htdocs\codeigniter4\system\Database\BaseConnection.php(421): CodeIgniter\Database\MySQLi\Connection->connect(false)
#2 D:\xampp\htdocs\codeigniter4\system\Database\BaseConnection.php(620): CodeIgniter\Database\BaseConnection->initialize()
#3 D:\xampp\htdocs\codeigniter4\system\Database\BaseBuilder.php(1649): CodeIgniter\Database\BaseConnection->query('SELECT `ciposts...', Array, false)
#4 D:\xampp\htdocs\codeigniter4\system\Model.php(286): CodeIgniter\Database\BaseBuilder->get()
#5 D:\xampp\htdocs\codeigniter4\system\BaseModel.php(679): CodeIgniter\Model->doFindAll(10, 0)
#6 D:\xampp\htdocs\codeigniter4\app\Models\PostModel.php(25): CodeIgniter\BaseModel->findAll(10, 0)
#7 D:\xampp\htdocs\codeigniter4\app\Controllers\PostController.php(22): App\Models\PostModel->getActivePostsWithUser(10, 0)
#8 D:\xampp\htdocs\codeigniter4\system\CodeIgniter.php(933): App\Controllers\PostController->loadMore()
#9 D:\xampp\htdocs\codeigniter4\system\CodeIgniter.php(507): CodeIgniter\CodeIgniter->runController(Object(App\Controllers\PostController))
#10 D:\xampp\htdocs\codeigniter4\system\CodeIgniter.php(354): CodeIgniter\CodeIgniter->handleRequest(NULL, Object(Config\Cache), false)
#11 D:\xampp\htdocs\codeigniter4\system\Boot.php(334): CodeIgniter\CodeIgniter->run()
#12 D:\xampp\htdocs\codeigniter4\system\Boot.php(67): CodeIgniter\Boot::runCodeIgniter(Object(CodeIgniter\CodeIgniter))
#13 D:\xampp\htdocs\codeigniter4\index.php(59): CodeIgniter\Boot::bootWeb(Object(Config\Paths))
#14 {main}

Next CodeIgniter\Database\Exceptions\DatabaseException: Unknown database 'ciwebwidertest4' in D:\xampp\htdocs\codeigniter4\system\Database\MySQLi\Connection.php:246
Stack trace:
#0 D:\xampp\htdocs\codeigniter4\system\Database\BaseConnection.php(421): CodeIgniter\Database\MySQLi\Connection->connect(false)
#1 D:\xampp\htdocs\codeigniter4\system\Database\BaseConnection.php(620): CodeIgniter\Database\BaseConnection->initialize()
#2 D:\xampp\htdocs\codeigniter4\system\Database\BaseBuilder.php(1649): CodeIgniter\Database\BaseConnection->query('SELECT `ciposts...', Array, false)
#3 D:\xampp\htdocs\codeigniter4\system\Model.php(286): CodeIgniter\Database\BaseBuilder->get()
#4 D:\xampp\htdocs\codeigniter4\system\BaseModel.php(679): CodeIgniter\Model->doFindAll(10, 0)
#5 D:\xampp\htdocs\codeigniter4\app\Models\PostModel.php(25): CodeIgniter\BaseModel->findAll(10, 0)
#6 D:\xampp\htdocs\codeigniter4\app\Controllers\PostController.php(22): App\Models\PostModel->getActivePostsWithUser(10, 0)
#7 D:\xampp\htdocs\codeigniter4\system\CodeIgniter.php(933): App\Controllers\PostController->loadMore()
#8 D:\xampp\htdocs\codeigniter4\system\CodeIgniter.php(507): CodeIgniter\CodeIgniter->runController(Object(App\Controllers\PostController))
#9 D:\xampp\htdocs\codeigniter4\system\CodeIgniter.php(354): CodeIgniter\CodeIgniter->handleRequest(NULL, Object(Config\Cache), false)
#10 D:\xampp\htdocs\codeigniter4\system\Boot.php(334): CodeIgniter\CodeIgniter->run()
#11 D:\xampp\htdocs\codeigniter4\system\Boot.php(67): CodeIgniter\Boot::runCodeIgniter(Object(CodeIgniter\CodeIgniter))
#12 D:\xampp\htdocs\codeigniter4\index.php(59): CodeIgniter\Boot::bootWeb(Object(Config\Paths))
#13 {main}
CRITICAL - 2025-06-08 13:24:35 --> CodeIgniter\Database\Exceptions\DatabaseException: Unable to connect to the database.
Main connection [MySQLi]: Unknown database 'ciwebwidertest4'
[Method: GET, Route: Posts/loadMore]
in SYSTEMPATH\Database\BaseConnection.php on line 467.
 1 SYSTEMPATH\Database\BaseConnection.php(620): CodeIgniter\Database\BaseConnection->initialize()
 2 SYSTEMPATH\Database\BaseBuilder.php(1649): CodeIgniter\Database\BaseConnection->query('SELECT `ciposts`.`name`, `ciposts`.`description`, `ciusers`.`name` as `user_name`
FROM `ciposts`
JOIN `ciusers` ON `ciusers`.`id` = `ciposts`.`user_id`
WHERE `ciposts`.`active` = :posts.active:
ORDER BY `ciposts`.`id` DESC
 LIMIT 10', [...], false)
 3 SYSTEMPATH\Model.php(286): CodeIgniter\Database\BaseBuilder->get()
 4 SYSTEMPATH\BaseModel.php(679): CodeIgniter\Model->doFindAll(10, 0)
 5 APPPATH\Models\PostModel.php(25): CodeIgniter\BaseModel->findAll(10, 0)
 6 APPPATH\Controllers\PostController.php(22): App\Models\PostModel->getActivePostsWithUser(10, 0)
 7 SYSTEMPATH\CodeIgniter.php(933): App\Controllers\PostController->loadMore()
 8 SYSTEMPATH\CodeIgniter.php(507): CodeIgniter\CodeIgniter->runController(Object(App\Controllers\PostController))
 9 SYSTEMPATH\CodeIgniter.php(354): CodeIgniter\CodeIgniter->handleRequest(null, Object(Config\Cache), false)
10 SYSTEMPATH\Boot.php(334): CodeIgniter\CodeIgniter->run()
11 SYSTEMPATH\Boot.php(67): CodeIgniter\Boot::runCodeIgniter(Object(CodeIgniter\CodeIgniter))
12 FCPATH\index.php(59): CodeIgniter\Boot::bootWeb(Object(Config\Paths))
