CRITICAL - 2025-06-07 17:05:03 --> CodeIgniter\View\Exceptions\ViewException: Invalid file: "posts/index.php"
[Method: GET, Route: post]
in SYSTEMPATH\Exceptions\FrameworkException.php on line 39.
 1 SYSTEMPATH\View\View.php(212): CodeIgniter\Exceptions\FrameworkException::forInvalidFile('posts/index.php')
 2 SYSTEMPATH\Common.php(1173): CodeIgniter\View\View->render('posts/index', [], true)
 3 APPPATH\Controllers\PostController.php(12): view('posts/index')
 4 SYSTEMPATH\CodeIgniter.php(933): App\Controllers\PostController->index()
 5 SYSTEMPATH\CodeIgniter.php(507): CodeIgniter\CodeIgniter->runController(Object(App\Controllers\PostController))
 6 SYSTEMPATH\CodeIgniter.php(354): CodeIgniter\CodeIgniter->handleRequest(null, Object(Config\Cache), false)
 7 SYSTEMPATH\Boot.php(334): CodeIgniter\CodeIgniter->run()
 8 SYSTEMPATH\Boot.php(67): CodeIgniter\Boot::runCodeIgniter(Object(CodeIgniter\CodeIgniter))
 9 FCPATH\index.php(59): CodeIgniter\Boot::bootWeb(Object(Config\Paths))
CRITICAL - 2025-06-07 17:05:08 --> CodeIgniter\View\Exceptions\ViewException: Invalid file: "posts/index.php"
[Method: GET, Route: post]
in SYSTEMPATH\Exceptions\FrameworkException.php on line 39.
 1 SYSTEMPATH\View\View.php(212): CodeIgniter\Exceptions\FrameworkException::forInvalidFile('posts/index.php')
 2 SYSTEMPATH\Common.php(1173): CodeIgniter\View\View->render('posts/index', [], true)
 3 APPPATH\Controllers\PostController.php(12): view('posts/index')
 4 SYSTEMPATH\CodeIgniter.php(933): App\Controllers\PostController->index()
 5 SYSTEMPATH\CodeIgniter.php(507): CodeIgniter\CodeIgniter->runController(Object(App\Controllers\PostController))
 6 SYSTEMPATH\CodeIgniter.php(354): CodeIgniter\CodeIgniter->handleRequest(null, Object(Config\Cache), false)
 7 SYSTEMPATH\Boot.php(334): CodeIgniter\CodeIgniter->run()
 8 SYSTEMPATH\Boot.php(67): CodeIgniter\Boot::runCodeIgniter(Object(CodeIgniter\CodeIgniter))
 9 FCPATH\index.php(59): CodeIgniter\Boot::bootWeb(Object(Config\Paths))
CRITICAL - 2025-06-07 17:05:28 --> CodeIgniter\View\Exceptions\ViewException: Invalid file: "posts/index.php"
[Method: GET, Route: /]
in SYSTEMPATH\Exceptions\FrameworkException.php on line 39.
 1 SYSTEMPATH\View\View.php(212): CodeIgniter\Exceptions\FrameworkException::forInvalidFile('posts/index.php')
 2 SYSTEMPATH\Common.php(1173): CodeIgniter\View\View->render('posts/index', [], true)
 3 APPPATH\Controllers\PostController.php(12): view('posts/index')
 4 SYSTEMPATH\CodeIgniter.php(933): App\Controllers\PostController->index()
 5 SYSTEMPATH\CodeIgniter.php(507): CodeIgniter\CodeIgniter->runController(Object(App\Controllers\PostController))
 6 SYSTEMPATH\CodeIgniter.php(354): CodeIgniter\CodeIgniter->handleRequest(null, Object(Config\Cache), false)
 7 SYSTEMPATH\Boot.php(334): CodeIgniter\CodeIgniter->run()
 8 SYSTEMPATH\Boot.php(67): CodeIgniter\Boot::runCodeIgniter(Object(CodeIgniter\CodeIgniter))
 9 FCPATH\index.php(59): CodeIgniter\Boot::bootWeb(Object(Config\Paths))
CRITICAL - 2025-06-07 17:07:24 --> CodeIgniter\View\Exceptions\ViewException: Invalid file: "posts/index.php"
[Method: GET, Route: /]
in SYSTEMPATH\Exceptions\FrameworkException.php on line 39.
 1 SYSTEMPATH\View\View.php(212): CodeIgniter\Exceptions\FrameworkException::forInvalidFile('posts/index.php')
 2 SYSTEMPATH\Common.php(1173): CodeIgniter\View\View->render('posts/index', [], true)
 3 APPPATH\Controllers\PostController.php(12): view('posts/index')
 4 SYSTEMPATH\CodeIgniter.php(933): App\Controllers\PostController->index()
 5 SYSTEMPATH\CodeIgniter.php(507): CodeIgniter\CodeIgniter->runController(Object(App\Controllers\PostController))
 6 SYSTEMPATH\CodeIgniter.php(354): CodeIgniter\CodeIgniter->handleRequest(null, Object(Config\Cache), false)
 7 SYSTEMPATH\Boot.php(334): CodeIgniter\CodeIgniter->run()
 8 SYSTEMPATH\Boot.php(67): CodeIgniter\Boot::runCodeIgniter(Object(CodeIgniter\CodeIgniter))
 9 FCPATH\index.php(59): CodeIgniter\Boot::bootWeb(Object(Config\Paths))
CRITICAL - 2025-06-07 17:07:25 --> CodeIgniter\View\Exceptions\ViewException: Invalid file: "posts/index.php"
[Method: GET, Route: /]
in SYSTEMPATH\Exceptions\FrameworkException.php on line 39.
 1 SYSTEMPATH\View\View.php(212): CodeIgniter\Exceptions\FrameworkException::forInvalidFile('posts/index.php')
 2 SYSTEMPATH\Common.php(1173): CodeIgniter\View\View->render('posts/index', [], true)
 3 APPPATH\Controllers\PostController.php(12): view('posts/index')
 4 SYSTEMPATH\CodeIgniter.php(933): App\Controllers\PostController->index()
 5 SYSTEMPATH\CodeIgniter.php(507): CodeIgniter\CodeIgniter->runController(Object(App\Controllers\PostController))
 6 SYSTEMPATH\CodeIgniter.php(354): CodeIgniter\CodeIgniter->handleRequest(null, Object(Config\Cache), false)
 7 SYSTEMPATH\Boot.php(334): CodeIgniter\CodeIgniter->run()
 8 SYSTEMPATH\Boot.php(67): CodeIgniter\Boot::runCodeIgniter(Object(CodeIgniter\CodeIgniter))
 9 FCPATH\index.php(59): CodeIgniter\Boot::bootWeb(Object(Config\Paths))
CRITICAL - 2025-06-07 17:07:25 --> CodeIgniter\View\Exceptions\ViewException: Invalid file: "posts/index.php"
[Method: GET, Route: /]
in SYSTEMPATH\Exceptions\FrameworkException.php on line 39.
 1 SYSTEMPATH\View\View.php(212): CodeIgniter\Exceptions\FrameworkException::forInvalidFile('posts/index.php')
 2 SYSTEMPATH\Common.php(1173): CodeIgniter\View\View->render('posts/index', [], true)
 3 APPPATH\Controllers\PostController.php(12): view('posts/index')
 4 SYSTEMPATH\CodeIgniter.php(933): App\Controllers\PostController->index()
 5 SYSTEMPATH\CodeIgniter.php(507): CodeIgniter\CodeIgniter->runController(Object(App\Controllers\PostController))
 6 SYSTEMPATH\CodeIgniter.php(354): CodeIgniter\CodeIgniter->handleRequest(null, Object(Config\Cache), false)
 7 SYSTEMPATH\Boot.php(334): CodeIgniter\CodeIgniter->run()
 8 SYSTEMPATH\Boot.php(67): CodeIgniter\Boot::runCodeIgniter(Object(CodeIgniter\CodeIgniter))
 9 FCPATH\index.php(59): CodeIgniter\Boot::bootWeb(Object(Config\Paths))
CRITICAL - 2025-06-07 17:07:25 --> CodeIgniter\View\Exceptions\ViewException: Invalid file: "posts/index.php"
[Method: GET, Route: /]
in SYSTEMPATH\Exceptions\FrameworkException.php on line 39.
 1 SYSTEMPATH\View\View.php(212): CodeIgniter\Exceptions\FrameworkException::forInvalidFile('posts/index.php')
 2 SYSTEMPATH\Common.php(1173): CodeIgniter\View\View->render('posts/index', [], true)
 3 APPPATH\Controllers\PostController.php(12): view('posts/index')
 4 SYSTEMPATH\CodeIgniter.php(933): App\Controllers\PostController->index()
 5 SYSTEMPATH\CodeIgniter.php(507): CodeIgniter\CodeIgniter->runController(Object(App\Controllers\PostController))
 6 SYSTEMPATH\CodeIgniter.php(354): CodeIgniter\CodeIgniter->handleRequest(null, Object(Config\Cache), false)
 7 SYSTEMPATH\Boot.php(334): CodeIgniter\CodeIgniter->run()
 8 SYSTEMPATH\Boot.php(67): CodeIgniter\Boot::runCodeIgniter(Object(CodeIgniter\CodeIgniter))
 9 FCPATH\index.php(59): CodeIgniter\Boot::bootWeb(Object(Config\Paths))
CRITICAL - 2025-06-07 17:07:25 --> CodeIgniter\View\Exceptions\ViewException: Invalid file: "posts/index.php"
[Method: GET, Route: /]
in SYSTEMPATH\Exceptions\FrameworkException.php on line 39.
 1 SYSTEMPATH\View\View.php(212): CodeIgniter\Exceptions\FrameworkException::forInvalidFile('posts/index.php')
 2 SYSTEMPATH\Common.php(1173): CodeIgniter\View\View->render('posts/index', [], true)
 3 APPPATH\Controllers\PostController.php(12): view('posts/index')
 4 SYSTEMPATH\CodeIgniter.php(933): App\Controllers\PostController->index()
 5 SYSTEMPATH\CodeIgniter.php(507): CodeIgniter\CodeIgniter->runController(Object(App\Controllers\PostController))
 6 SYSTEMPATH\CodeIgniter.php(354): CodeIgniter\CodeIgniter->handleRequest(null, Object(Config\Cache), false)
 7 SYSTEMPATH\Boot.php(334): CodeIgniter\CodeIgniter->run()
 8 SYSTEMPATH\Boot.php(67): CodeIgniter\Boot::runCodeIgniter(Object(CodeIgniter\CodeIgniter))
 9 FCPATH\index.php(59): CodeIgniter\Boot::bootWeb(Object(Config\Paths))
CRITICAL - 2025-06-07 17:22:50 --> ErrorException: Undefined variable $Posts
[Method: GET, Route: Posts/loadMore]
in APPPATH\Controllers\PostController.php on line 24.
 1 APPPATH\Controllers\PostController.php(24): CodeIgniter\Debug\Exceptions->errorHandler(2, 'Undefined variable $Posts', 'D:\\xampp\\htdocs\\codeigniter4\\app\\Controllers\\PostController.php', 24)
 2 SYSTEMPATH\CodeIgniter.php(933): App\Controllers\PostController->loadMore()
 3 SYSTEMPATH\CodeIgniter.php(507): CodeIgniter\CodeIgniter->runController(Object(App\Controllers\PostController))
 4 SYSTEMPATH\CodeIgniter.php(354): CodeIgniter\CodeIgniter->handleRequest(null, Object(Config\Cache), false)
 5 SYSTEMPATH\Boot.php(334): CodeIgniter\CodeIgniter->run()
 6 SYSTEMPATH\Boot.php(67): CodeIgniter\Boot::runCodeIgniter(Object(CodeIgniter\CodeIgniter))
 7 FCPATH\index.php(59): CodeIgniter\Boot::bootWeb(Object(Config\Paths))
CRITICAL - 2025-06-07 17:22:51 --> ErrorException: Undefined variable $Posts
[Method: GET, Route: Posts/loadMore]
in APPPATH\Controllers\PostController.php on line 24.
 1 APPPATH\Controllers\PostController.php(24): CodeIgniter\Debug\Exceptions->errorHandler(2, 'Undefined variable $Posts', 'D:\\xampp\\htdocs\\codeigniter4\\app\\Controllers\\PostController.php', 24)
 2 SYSTEMPATH\CodeIgniter.php(933): App\Controllers\PostController->loadMore()
 3 SYSTEMPATH\CodeIgniter.php(507): CodeIgniter\CodeIgniter->runController(Object(App\Controllers\PostController))
 4 SYSTEMPATH\CodeIgniter.php(354): CodeIgniter\CodeIgniter->handleRequest(null, Object(Config\Cache), false)
 5 SYSTEMPATH\Boot.php(334): CodeIgniter\CodeIgniter->run()
 6 SYSTEMPATH\Boot.php(67): CodeIgniter\Boot::runCodeIgniter(Object(CodeIgniter\CodeIgniter))
 7 FCPATH\index.php(59): CodeIgniter\Boot::bootWeb(Object(Config\Paths))
CRITICAL - 2025-06-07 17:23:25 --> ErrorException: Undefined variable $Posts
[Method: GET, Route: Posts/loadMore]
in APPPATH\Controllers\PostController.php on line 24.
 1 APPPATH\Controllers\PostController.php(24): CodeIgniter\Debug\Exceptions->errorHandler(2, 'Undefined variable $Posts', 'D:\\xampp\\htdocs\\codeigniter4\\app\\Controllers\\PostController.php', 24)
 2 SYSTEMPATH\CodeIgniter.php(933): App\Controllers\PostController->loadMore()
 3 SYSTEMPATH\CodeIgniter.php(507): CodeIgniter\CodeIgniter->runController(Object(App\Controllers\PostController))
 4 SYSTEMPATH\CodeIgniter.php(354): CodeIgniter\CodeIgniter->handleRequest(null, Object(Config\Cache), false)
 5 SYSTEMPATH\Boot.php(334): CodeIgniter\CodeIgniter->run()
 6 SYSTEMPATH\Boot.php(67): CodeIgniter\Boot::runCodeIgniter(Object(CodeIgniter\CodeIgniter))
 7 FCPATH\index.php(59): CodeIgniter\Boot::bootWeb(Object(Config\Paths))
CRITICAL - 2025-06-07 17:23:33 --> ErrorException: Undefined variable $Posts
[Method: GET, Route: Posts/loadMore]
in APPPATH\Controllers\PostController.php on line 24.
 1 APPPATH\Controllers\PostController.php(24): CodeIgniter\Debug\Exceptions->errorHandler(2, 'Undefined variable $Posts', 'D:\\xampp\\htdocs\\codeigniter4\\app\\Controllers\\PostController.php', 24)
 2 SYSTEMPATH\CodeIgniter.php(933): App\Controllers\PostController->loadMore()
 3 SYSTEMPATH\CodeIgniter.php(507): CodeIgniter\CodeIgniter->runController(Object(App\Controllers\PostController))
 4 SYSTEMPATH\CodeIgniter.php(354): CodeIgniter\CodeIgniter->handleRequest(null, Object(Config\Cache), false)
 5 SYSTEMPATH\Boot.php(334): CodeIgniter\CodeIgniter->run()
 6 SYSTEMPATH\Boot.php(67): CodeIgniter\Boot::runCodeIgniter(Object(CodeIgniter\CodeIgniter))
 7 FCPATH\index.php(59): CodeIgniter\Boot::bootWeb(Object(Config\Paths))
CRITICAL - 2025-06-07 17:23:39 --> ErrorException: Undefined variable $Posts
[Method: GET, Route: Posts/loadMore]
in APPPATH\Controllers\PostController.php on line 24.
 1 APPPATH\Controllers\PostController.php(24): CodeIgniter\Debug\Exceptions->errorHandler(2, 'Undefined variable $Posts', 'D:\\xampp\\htdocs\\codeigniter4\\app\\Controllers\\PostController.php', 24)
 2 SYSTEMPATH\CodeIgniter.php(933): App\Controllers\PostController->loadMore()
 3 SYSTEMPATH\CodeIgniter.php(507): CodeIgniter\CodeIgniter->runController(Object(App\Controllers\PostController))
 4 SYSTEMPATH\CodeIgniter.php(354): CodeIgniter\CodeIgniter->handleRequest(null, Object(Config\Cache), false)
 5 SYSTEMPATH\Boot.php(334): CodeIgniter\CodeIgniter->run()
 6 SYSTEMPATH\Boot.php(67): CodeIgniter\Boot::runCodeIgniter(Object(CodeIgniter\CodeIgniter))
 7 FCPATH\index.php(59): CodeIgniter\Boot::bootWeb(Object(Config\Paths))
CRITICAL - 2025-06-07 17:23:58 --> ErrorException: Undefined variable $Posts
[Method: GET, Route: Posts/loadMore]
in APPPATH\Controllers\PostController.php on line 24.
 1 APPPATH\Controllers\PostController.php(24): CodeIgniter\Debug\Exceptions->errorHandler(2, 'Undefined variable $Posts', 'D:\\xampp\\htdocs\\codeigniter4\\app\\Controllers\\PostController.php', 24)
 2 SYSTEMPATH\CodeIgniter.php(933): App\Controllers\PostController->loadMore()
 3 SYSTEMPATH\CodeIgniter.php(507): CodeIgniter\CodeIgniter->runController(Object(App\Controllers\PostController))
 4 SYSTEMPATH\CodeIgniter.php(354): CodeIgniter\CodeIgniter->handleRequest(null, Object(Config\Cache), false)
 5 SYSTEMPATH\Boot.php(334): CodeIgniter\CodeIgniter->run()
 6 SYSTEMPATH\Boot.php(67): CodeIgniter\Boot::runCodeIgniter(Object(CodeIgniter\CodeIgniter))
 7 FCPATH\index.php(59): CodeIgniter\Boot::bootWeb(Object(Config\Paths))
CRITICAL - 2025-06-07 17:24:03 --> ErrorException: Undefined variable $Posts
[Method: GET, Route: Posts/loadMore]
in APPPATH\Controllers\PostController.php on line 24.
 1 APPPATH\Controllers\PostController.php(24): CodeIgniter\Debug\Exceptions->errorHandler(2, 'Undefined variable $Posts', 'D:\\xampp\\htdocs\\codeigniter4\\app\\Controllers\\PostController.php', 24)
 2 SYSTEMPATH\CodeIgniter.php(933): App\Controllers\PostController->loadMore()
 3 SYSTEMPATH\CodeIgniter.php(507): CodeIgniter\CodeIgniter->runController(Object(App\Controllers\PostController))
 4 SYSTEMPATH\CodeIgniter.php(354): CodeIgniter\CodeIgniter->handleRequest(null, Object(Config\Cache), false)
 5 SYSTEMPATH\Boot.php(334): CodeIgniter\CodeIgniter->run()
 6 SYSTEMPATH\Boot.php(67): CodeIgniter\Boot::runCodeIgniter(Object(CodeIgniter\CodeIgniter))
 7 FCPATH\index.php(59): CodeIgniter\Boot::bootWeb(Object(Config\Paths))
CRITICAL - 2025-06-07 17:24:03 --> ErrorException: Undefined variable $Posts
[Method: GET, Route: Posts/loadMore]
in APPPATH\Controllers\PostController.php on line 24.
 1 APPPATH\Controllers\PostController.php(24): CodeIgniter\Debug\Exceptions->errorHandler(2, 'Undefined variable $Posts', 'D:\\xampp\\htdocs\\codeigniter4\\app\\Controllers\\PostController.php', 24)
 2 SYSTEMPATH\CodeIgniter.php(933): App\Controllers\PostController->loadMore()
 3 SYSTEMPATH\CodeIgniter.php(507): CodeIgniter\CodeIgniter->runController(Object(App\Controllers\PostController))
 4 SYSTEMPATH\CodeIgniter.php(354): CodeIgniter\CodeIgniter->handleRequest(null, Object(Config\Cache), false)
 5 SYSTEMPATH\Boot.php(334): CodeIgniter\CodeIgniter->run()
 6 SYSTEMPATH\Boot.php(67): CodeIgniter\Boot::runCodeIgniter(Object(CodeIgniter\CodeIgniter))
 7 FCPATH\index.php(59): CodeIgniter\Boot::bootWeb(Object(Config\Paths))
CRITICAL - 2025-06-07 17:24:05 --> ErrorException: Undefined variable $Posts
[Method: GET, Route: Posts/loadMore]
in APPPATH\Controllers\PostController.php on line 24.
 1 APPPATH\Controllers\PostController.php(24): CodeIgniter\Debug\Exceptions->errorHandler(2, 'Undefined variable $Posts', 'D:\\xampp\\htdocs\\codeigniter4\\app\\Controllers\\PostController.php', 24)
 2 SYSTEMPATH\CodeIgniter.php(933): App\Controllers\PostController->loadMore()
 3 SYSTEMPATH\CodeIgniter.php(507): CodeIgniter\CodeIgniter->runController(Object(App\Controllers\PostController))
 4 SYSTEMPATH\CodeIgniter.php(354): CodeIgniter\CodeIgniter->handleRequest(null, Object(Config\Cache), false)
 5 SYSTEMPATH\Boot.php(334): CodeIgniter\CodeIgniter->run()
 6 SYSTEMPATH\Boot.php(67): CodeIgniter\Boot::runCodeIgniter(Object(CodeIgniter\CodeIgniter))
 7 FCPATH\index.php(59): CodeIgniter\Boot::bootWeb(Object(Config\Paths))
CRITICAL - 2025-06-07 17:24:18 --> ErrorException: Undefined variable $Posts
[Method: GET, Route: Posts/loadMore]
in APPPATH\Controllers\PostController.php on line 24.
 1 APPPATH\Controllers\PostController.php(24): CodeIgniter\Debug\Exceptions->errorHandler(2, 'Undefined variable $Posts', 'D:\\xampp\\htdocs\\codeigniter4\\app\\Controllers\\PostController.php', 24)
 2 SYSTEMPATH\CodeIgniter.php(933): App\Controllers\PostController->loadMore()
 3 SYSTEMPATH\CodeIgniter.php(507): CodeIgniter\CodeIgniter->runController(Object(App\Controllers\PostController))
 4 SYSTEMPATH\CodeIgniter.php(354): CodeIgniter\CodeIgniter->handleRequest(null, Object(Config\Cache), false)
 5 SYSTEMPATH\Boot.php(334): CodeIgniter\CodeIgniter->run()
 6 SYSTEMPATH\Boot.php(67): CodeIgniter\Boot::runCodeIgniter(Object(CodeIgniter\CodeIgniter))
 7 FCPATH\index.php(59): CodeIgniter\Boot::bootWeb(Object(Config\Paths))
CRITICAL - 2025-06-07 17:24:22 --> ErrorException: Undefined variable $Posts
[Method: GET, Route: Posts/loadMore]
in APPPATH\Controllers\PostController.php on line 24.
 1 APPPATH\Controllers\PostController.php(24): CodeIgniter\Debug\Exceptions->errorHandler(2, 'Undefined variable $Posts', 'D:\\xampp\\htdocs\\codeigniter4\\app\\Controllers\\PostController.php', 24)
 2 SYSTEMPATH\CodeIgniter.php(933): App\Controllers\PostController->loadMore()
 3 SYSTEMPATH\CodeIgniter.php(507): CodeIgniter\CodeIgniter->runController(Object(App\Controllers\PostController))
 4 SYSTEMPATH\CodeIgniter.php(354): CodeIgniter\CodeIgniter->handleRequest(null, Object(Config\Cache), false)
 5 SYSTEMPATH\Boot.php(334): CodeIgniter\CodeIgniter->run()
 6 SYSTEMPATH\Boot.php(67): CodeIgniter\Boot::runCodeIgniter(Object(CodeIgniter\CodeIgniter))
 7 FCPATH\index.php(59): CodeIgniter\Boot::bootWeb(Object(Config\Paths))
CRITICAL - 2025-06-07 17:24:23 --> ErrorException: Undefined variable $Posts
[Method: GET, Route: Posts/loadMore]
in APPPATH\Controllers\PostController.php on line 24.
 1 APPPATH\Controllers\PostController.php(24): CodeIgniter\Debug\Exceptions->errorHandler(2, 'Undefined variable $Posts', 'D:\\xampp\\htdocs\\codeigniter4\\app\\Controllers\\PostController.php', 24)
 2 SYSTEMPATH\CodeIgniter.php(933): App\Controllers\PostController->loadMore()
 3 SYSTEMPATH\CodeIgniter.php(507): CodeIgniter\CodeIgniter->runController(Object(App\Controllers\PostController))
 4 SYSTEMPATH\CodeIgniter.php(354): CodeIgniter\CodeIgniter->handleRequest(null, Object(Config\Cache), false)
 5 SYSTEMPATH\Boot.php(334): CodeIgniter\CodeIgniter->run()
 6 SYSTEMPATH\Boot.php(67): CodeIgniter\Boot::runCodeIgniter(Object(CodeIgniter\CodeIgniter))
 7 FCPATH\index.php(59): CodeIgniter\Boot::bootWeb(Object(Config\Paths))
